Using pre-set license
Built from '2020.3/staging' branch; Version is '2020.3.30f1 (1fb1bf06830e) revision 2077119'; Using compiler version '192528614'; Build Type 'Release'
OS: 'Windows 11  (10.0.22621) 64bit Core' Language: 'en' Physical Memory: 16121 MB
BatchMode: 1, IsHumanControllingUs: 0, StartBugReporterOnCrash: 0, Is64bit: 1, IsPro: 0

COMMAND LINE ARGUMENTS:
C:\Program Files\Unity\Hub\Editor\2020.3.30f1\Editor\Unity.exe
-adb2
-batchMode
-noUpm
-name
AssetImportWorker0
-projectPath
C:/Users/kimar/Desktop/B-DayClassWork/B-DayClassWork/B-DayClassWork
-logFile
Logs/AssetImportWorker0.log
-srvPort
51228
Successfully changed project path to: C:/Users/kimar/Desktop/B-DayClassWork/B-DayClassWork/B-DayClassWork
C:/Users/kimar/Desktop/B-DayClassWork/B-DayClassWork/B-DayClassWork
Using Asset Import Pipeline V2.
Refreshing native plugins compatible for Editor in 90.05 ms, found 2 plugins.
Preloading 0 native plugins for Editor in 0.00 ms.
Initialize engine version: 2020.3.30f1 (1fb1bf06830e)
[Subsystems] Discovering subsystems at path C:/Program Files/Unity/Hub/Editor/2020.3.30f1/Editor/Data/Resources/UnitySubsystems
[Subsystems] Discovering subsystems at path C:/Users/kimar/Desktop/B-DayClassWork/B-DayClassWork/B-DayClassWork/Assets
GfxDevice: creating device client; threaded=0
Direct3D:
    Version:  Direct3D 11.0 [level 11.1]
    Renderer: NVIDIA GeForce MX150 (ID=0x1d10)
    Vendor:   
    VRAM:     1982 MB
    Driver:   31.0.15.2656
Initialize mono
Mono path[0] = 'C:/Program Files/Unity/Hub/Editor/2020.3.30f1/Editor/Data/Managed'
Mono path[1] = 'C:/Program Files/Unity/Hub/Editor/2020.3.30f1/Editor/Data/MonoBleedingEdge/lib/mono/unityjit'
Mono config path = 'C:/Program Files/Unity/Hub/Editor/2020.3.30f1/Editor/Data/MonoBleedingEdge/etc'
Using monoOptions --debugger-agent=transport=dt_socket,embedding=1,server=y,suspend=n,address=127.0.0.1:56820
Begin MonoManager ReloadAssembly
Registering precompiled unity dll's ...
Register platform support module: C:/Program Files/Unity/Hub/Editor/2020.3.30f1/Editor/Data/PlaybackEngines/WebGLSupport/UnityEditor.WebGL.Extensions.dll
Register platform support module: C:/Program Files/Unity/Hub/Editor/2020.3.30f1/Editor/Data/PlaybackEngines/WindowsStandaloneSupport/UnityEditor.WindowsStandalone.Extensions.dll
Registered in 0.005506 seconds.
Native extension for WindowsStandalone target not found
Native extension for WebGL target not found
Refreshing native plugins compatible for Editor in 79.77 ms, found 2 plugins.
Preloading 0 native plugins for Editor in 0.00 ms.
Mono: successfully reloaded assembly
- Completed reload, in  1.624 seconds
Domain Reload Profiling:
	ReloadAssembly (1625ms)
		BeginReloadAssembly (152ms)
			ExecutionOrderSort (0ms)
			DisableScriptedObjects (0ms)
			BackupInstance (0ms)
			ReleaseScriptingObjects (0ms)
			CreateAndSetChildDomain (1ms)
		EndReloadAssembly (1309ms)
			LoadAssemblies (146ms)
			RebuildTransferFunctionScriptingTraits (0ms)
			SetupTypeCache (554ms)
			ReleaseScriptCaches (0ms)
			RebuildScriptCaches (67ms)
			SetupLoadedEditorAssemblies (453ms)
				LogAssemblyErrors (0ms)
				InitializePlatformSupportModulesInManaged (10ms)
				SetLoadedEditorAssemblies (1ms)
				RefreshPlugins (80ms)
				BeforeProcessingInitializeOnLoad (38ms)
				ProcessInitializeOnLoadAttributes (249ms)
				ProcessInitializeOnLoadMethodAttributes (75ms)
				AfterProcessingInitializeOnLoad (0ms)
				EditorAssembliesLoaded (0ms)
			ExecutionOrderSort2 (0ms)
			AwakeInstancesAfterBackupRestoration (0ms)
Platform modules already initialized, skipping
Registering precompiled user dll's ...
Registered in 0.023907 seconds.
Begin MonoManager ReloadAssembly
Symbol file data-000002B0F90EE480 doesn't match image C:\Users\kimar\Desktop\B-DayClassWork\B-DayClassWork\B-DayClassWork\Library\ScriptAssemblies\Assembly-CSharp.dll
Symbol file LoadedFromMemory is not a mono symbol file
Native extension for WindowsStandalone target not found
Native extension for WebGL target not found
Refreshing native plugins compatible for Editor in 0.92 ms, found 2 plugins.
Preloading 0 native plugins for Editor in 0.00 ms.
Mono: successfully reloaded assembly
- Completed reload, in  2.179 seconds
Domain Reload Profiling:
	ReloadAssembly (2181ms)
		BeginReloadAssembly (353ms)
			ExecutionOrderSort (0ms)
			DisableScriptedObjects (11ms)
			BackupInstance (0ms)
			ReleaseScriptingObjects (0ms)
			CreateAndSetChildDomain (34ms)
		EndReloadAssembly (1656ms)
			LoadAssemblies (224ms)
			RebuildTransferFunctionScriptingTraits (0ms)
			SetupTypeCache (602ms)
			ReleaseScriptCaches (1ms)
			RebuildScriptCaches (118ms)
			SetupLoadedEditorAssemblies (578ms)
				LogAssemblyErrors (0ms)
				InitializePlatformSupportModulesInManaged (11ms)
				SetLoadedEditorAssemblies (1ms)
				RefreshPlugins (1ms)
				BeforeProcessingInitializeOnLoad (170ms)
				ProcessInitializeOnLoadAttributes (367ms)
				ProcessInitializeOnLoadMethodAttributes (15ms)
				AfterProcessingInitializeOnLoad (13ms)
				EditorAssembliesLoaded (0ms)
			ExecutionOrderSort2 (0ms)
			AwakeInstancesAfterBackupRestoration (11ms)
Platform modules already initialized, skipping
========================================================================
Worker process is ready to serve import requests
Launched and connected shader compiler UnityShaderCompiler.exe after 0.08 seconds
Refreshing native plugins compatible for Editor in 0.48 ms, found 2 plugins.
Preloading 0 native plugins for Editor in 0.00 ms.
Unloading 1646 Unused Serialized files (Serialized files now loaded: 0)
System memory in use before: 77.5 MB.
System memory in use after: 77.5 MB.

Unloading 20 unused Assets to reduce memory usage. Loaded Objects now: 2103.
Total: 4.413800 ms (FindLiveObjects: 0.169500 ms CreateObjectMapping: 0.084700 ms MarkObjects: 4.019100 ms  DeleteObjects: 0.139300 ms)

AssetImportParameters requested are different than current active one (requested -> active):
  custom:framework-win-MediaFoundation: 216162199b28c13a410421893ffa2e32 -> 
  custom:video-decoder-ogg-theora: a1e56fd34408186e4bbccfd4996cb3dc -> 
  custom:container-muxer-webm: aa71ff27fc2769a1b78a27578f13a17b -> 
  custom:container-demuxer-webm: 4f35f7cbe854078d1ac9338744f61a02 -> 
  custom:container-demuxer-ogg: 62fdf1f143b41e24485cea50d1cbac27 -> 
  custom:video-encoder-webm-vp8: eb34c28f22e8b96e1ab97ce403110664 -> 
  custom:video-codec-MediaFoundation-h265: 746d11721c4dcdbdad8f713fa42b33f4 -> 
  custom:video-decoder-webm-vp8: 9c59270c3fd7afecdb556c50c9e8de78 -> 
  custom:audio-decoder-ogg-vorbis: bf7c407c2cedff20999df2af8eb42d56 -> 
  custom:audio-encoder-webm-vorbis: bf7c407c2cedff20999df2af8eb42d56 -> 
========================================================================
Received Import Request.
  path: Assets/Tours/Miami.asset
  artifactKey: Guid(12a1ec25cf9bcd0479c6d984af78c1d8) Importer(815301076,1909f56bfc062723c751e8b465ee728b)
Start importing Assets/Tours/Miami.asset using Guid(12a1ec25cf9bcd0479c6d984af78c1d8) Importer(815301076,1909f56bfc062723c751e8b465ee728b)  -> (artifact id: '912ab74ae6e0fdc9b73f197ea8ccff5f') in 0.120705 seconds 
========================================================================
Received Prepare
Registering precompiled user dll's ...
Registered in 0.027221 seconds.
Begin MonoManager ReloadAssembly
Symbol file data-000002B0F9195020 doesn't match image C:\Users\kimar\Desktop\B-DayClassWork\B-DayClassWork\B-DayClassWork\Library\ScriptAssemblies\Assembly-CSharp.dll
Symbol file LoadedFromMemory is not a mono symbol file
Native extension for WindowsStandalone target not found
Native extension for WebGL target not found
Refreshing native plugins compatible for Editor in 0.92 ms, found 2 plugins.
Preloading 0 native plugins for Editor in 0.00 ms.
Mono: successfully reloaded assembly
- Completed reload, in  2.473 seconds
Domain Reload Profiling:
	ReloadAssembly (2474ms)
		BeginReloadAssembly (477ms)
			ExecutionOrderSort (0ms)
			DisableScriptedObjects (8ms)
			BackupInstance (0ms)
			ReleaseScriptingObjects (0ms)
			CreateAndSetChildDomain (217ms)
		EndReloadAssembly (1830ms)
			LoadAssemblies (257ms)
			RebuildTransferFunctionScriptingTraits (0ms)
			SetupTypeCache (738ms)
			ReleaseScriptCaches (1ms)
			RebuildScriptCaches (82ms)
			SetupLoadedEditorAssemblies (564ms)
				LogAssemblyErrors (0ms)
				InitializePlatformSupportModulesInManaged (11ms)
				SetLoadedEditorAssemblies (1ms)
				RefreshPlugins (1ms)
				BeforeProcessingInitializeOnLoad (147ms)
				ProcessInitializeOnLoadAttributes (370ms)
				ProcessInitializeOnLoadMethodAttributes (16ms)
				AfterProcessingInitializeOnLoad (16ms)
				EditorAssembliesLoaded (1ms)
			ExecutionOrderSort2 (0ms)
			AwakeInstancesAfterBackupRestoration (15ms)
Platform modules already initialized, skipping
Refreshing native plugins compatible for Editor in 0.60 ms, found 2 plugins.
Preloading 0 native plugins for Editor in 0.00 ms.
Unloading 1609 Unused Serialized files (Serialized files now loaded: 0)
System memory in use before: 74.2 MB.
System memory in use after: 74.3 MB.

Unloading 15 unused Assets to reduce memory usage. Loaded Objects now: 2105.
Total: 4.574600 ms (FindLiveObjects: 0.207900 ms CreateObjectMapping: 0.084300 ms MarkObjects: 4.224700 ms  DeleteObjects: 0.056100 ms)

AssetImportParameters requested are different than current active one (requested -> active):
  custom:framework-win-MediaFoundation: 216162199b28c13a410421893ffa2e32 -> 
  custom:video-decoder-ogg-theora: a1e56fd34408186e4bbccfd4996cb3dc -> 
  custom:container-muxer-webm: aa71ff27fc2769a1b78a27578f13a17b -> 
  custom:container-demuxer-webm: 4f35f7cbe854078d1ac9338744f61a02 -> 
  custom:container-demuxer-ogg: 62fdf1f143b41e24485cea50d1cbac27 -> 
  custom:video-encoder-webm-vp8: eb34c28f22e8b96e1ab97ce403110664 -> 
  custom:video-codec-MediaFoundation-h265: 746d11721c4dcdbdad8f713fa42b33f4 -> 
  custom:video-decoder-webm-vp8: 9c59270c3fd7afecdb556c50c9e8de78 -> 
  custom:audio-decoder-ogg-vorbis: bf7c407c2cedff20999df2af8eb42d56 -> 
  custom:audio-encoder-webm-vorbis: bf7c407c2cedff20999df2af8eb42d56 -> 
========================================================================
Received Import Request.
  Time since last request: 1354.740020 seconds.
  path: Assets/EAC_Modules/X_Prefabs
  artifactKey: Guid(96bb772c7dbfaf84ebb2b233862d7a22) Importer(815301076,1909f56bfc062723c751e8b465ee728b)
Start importing Assets/EAC_Modules/X_Prefabs using Guid(96bb772c7dbfaf84ebb2b233862d7a22) Importer(815301076,1909f56bfc062723c751e8b465ee728b)  -> (artifact id: '81fe768cec3c8c4e6ada844a6de1dd53') in 0.066140 seconds 
========================================================================
Received Import Request.
  Time since last request: 0.005095 seconds.
  path: Assets/EAC_Modules/X_Prefabs/X_Image_Pop.prefab
  artifactKey: Guid(a112494f1fd7a7347a41590f9e251c98) Importer(815301076,1909f56bfc062723c751e8b465ee728b)
Start importing Assets/EAC_Modules/X_Prefabs/X_Image_Pop.prefab using Guid(a112494f1fd7a7347a41590f9e251c98) Importer(815301076,1909f56bfc062723c751e8b465ee728b)  -> (artifact id: '7f25cd158467a38ba7c86af4b2e2b67e') in 2.178309 seconds 
========================================================================
Received Import Request.
  Time since last request: 0.002700 seconds.
  path: Assets/EAC_Modules/X_Prefabs/X_Text_Pop.prefab
  artifactKey: Guid(8674f1b5661edd644bab0b23d61c262a) Importer(815301076,1909f56bfc062723c751e8b465ee728b)
Start importing Assets/EAC_Modules/X_Prefabs/X_Text_Pop.prefab using Guid(8674f1b5661edd644bab0b23d61c262a) Importer(815301076,1909f56bfc062723c751e8b465ee728b)  -> (artifact id: '1a97848df6636cf20f9da8c2f4f8c4b3') in 1.816640 seconds 
========================================================================
Received Import Request.
  Time since last request: 0.000505 seconds.
  path: Assets/EAC_Modules/X_Prefabs/icon_Exit_Symbol 1.png
  artifactKey: Guid(f525b841bd2327a4593acb5a53bc56ac) Importer(815301076,1909f56bfc062723c751e8b465ee728b)
Start importing Assets/EAC_Modules/X_Prefabs/icon_Exit_Symbol 1.png using Guid(f525b841bd2327a4593acb5a53bc56ac) Importer(815301076,1909f56bfc062723c751e8b465ee728b)  -> (artifact id: '689973e6ffec6195f6501fea96289691') in 0.750183 seconds 
========================================================================
Received Import Request.
  Time since last request: 187.769642 seconds.
  path: Assets/EAC_Modules/X_Prefabs/Miami Background.prefab
  artifactKey: Guid(6ebc668e178e9bd49b505b85fa96a510) Importer(815301076,1909f56bfc062723c751e8b465ee728b)
Start importing Assets/EAC_Modules/X_Prefabs/Miami Background.prefab using Guid(6ebc668e178e9bd49b505b85fa96a510) Importer(815301076,1909f56bfc062723c751e8b465ee728b)  -> (artifact id: '571b512717bd887f656338224b80b870') in 5.330992 seconds 
========================================================================
Received Import Request.
  Time since last request: 95.383311 seconds.
  path: Assets/Tours/Miami.asset
  artifactKey: Guid(12a1ec25cf9bcd0479c6d984af78c1d8) Importer(815301076,1909f56bfc062723c751e8b465ee728b)
Start importing Assets/Tours/Miami.asset using Guid(12a1ec25cf9bcd0479c6d984af78c1d8) Importer(815301076,1909f56bfc062723c751e8b465ee728b)  -> (artifact id: 'e7a98f439aaffe38696b29a0087ac898') in 4.384374 seconds 
========================================================================
Received Prepare
Registering precompiled user dll's ...
Registered in 0.017753 seconds.
Begin MonoManager ReloadAssembly
Symbol file data-000002B0F4BD2010 doesn't match image C:\Users\kimar\Desktop\B-DayClassWork\B-DayClassWork\B-DayClassWork\Library\ScriptAssemblies\Assembly-CSharp.dll
Symbol file LoadedFromMemory is not a mono symbol file
Native extension for WindowsStandalone target not found
Native extension for WebGL target not found
Refreshing native plugins compatible for Editor in 0.66 ms, found 2 plugins.
Preloading 0 native plugins for Editor in 0.00 ms.
Mono: successfully reloaded assembly
- Completed reload, in  3.079 seconds
Domain Reload Profiling:
	ReloadAssembly (3080ms)
		BeginReloadAssembly (218ms)
			ExecutionOrderSort (0ms)
			DisableScriptedObjects (8ms)
			BackupInstance (0ms)
			ReleaseScriptingObjects (0ms)
			CreateAndSetChildDomain (60ms)
		EndReloadAssembly (2715ms)
			LoadAssemblies (244ms)
			RebuildTransferFunctionScriptingTraits (0ms)
			SetupTypeCache (884ms)
			ReleaseScriptCaches (4ms)
			RebuildScriptCaches (94ms)
			SetupLoadedEditorAssemblies (1259ms)
				LogAssemblyErrors (0ms)
				InitializePlatformSupportModulesInManaged (27ms)
				SetLoadedEditorAssemblies (1ms)
				RefreshPlugins (1ms)
				BeforeProcessingInitializeOnLoad (347ms)
				ProcessInitializeOnLoadAttributes (852ms)
				ProcessInitializeOnLoadMethodAttributes (14ms)
				AfterProcessingInitializeOnLoad (17ms)
				EditorAssembliesLoaded (1ms)
			ExecutionOrderSort2 (0ms)
			AwakeInstancesAfterBackupRestoration (12ms)
Platform modules already initialized, skipping
Refreshing native plugins compatible for Editor in 0.53 ms, found 2 plugins.
Preloading 0 native plugins for Editor in 0.00 ms.
Unloading 1609 Unused Serialized files (Serialized files now loaded: 0)
System memory in use before: 77.4 MB.
System memory in use after: 77.5 MB.

Unloading 15 unused Assets to reduce memory usage. Loaded Objects now: 2113.
Total: 3.904500 ms (FindLiveObjects: 0.227100 ms CreateObjectMapping: 0.119000 ms MarkObjects: 3.526800 ms  DeleteObjects: 0.029900 ms)

AssetImportParameters requested are different than current active one (requested -> active):
  custom:framework-win-MediaFoundation: 216162199b28c13a410421893ffa2e32 -> 
  custom:video-decoder-ogg-theora: a1e56fd34408186e4bbccfd4996cb3dc -> 
  custom:container-muxer-webm: aa71ff27fc2769a1b78a27578f13a17b -> 
  custom:container-demuxer-webm: 4f35f7cbe854078d1ac9338744f61a02 -> 
  custom:container-demuxer-ogg: 62fdf1f143b41e24485cea50d1cbac27 -> 
  custom:video-encoder-webm-vp8: eb34c28f22e8b96e1ab97ce403110664 -> 
  custom:video-codec-MediaFoundation-h265: 746d11721c4dcdbdad8f713fa42b33f4 -> 
  custom:video-decoder-webm-vp8: 9c59270c3fd7afecdb556c50c9e8de78 -> 
  custom:audio-decoder-ogg-vorbis: bf7c407c2cedff20999df2af8eb42d56 -> 
  custom:audio-encoder-webm-vorbis: bf7c407c2cedff20999df2af8eb42d56 -> 
========================================================================
Received Import Request.
  Time since last request: 283.093723 seconds.
  path: Assets/Prefabs/Miami Background.prefab
  artifactKey: Guid(6ebc668e178e9bd49b505b85fa96a510) Importer(815301076,1909f56bfc062723c751e8b465ee728b)
Start importing Assets/Prefabs/Miami Background.prefab using Guid(6ebc668e178e9bd49b505b85fa96a510) Importer(815301076,1909f56bfc062723c751e8b465ee728b)  -> (artifact id: '2e33ac255876c2f0485e42546209d09e') in 1.109236 seconds 
========================================================================
Received Import Request.
  Time since last request: 18.970282 seconds.
  path: Assets/Prefabs/Miami Background.prefab
  artifactKey: Guid(6ebc668e178e9bd49b505b85fa96a510) Importer(815301076,1909f56bfc062723c751e8b465ee728b)
Start importing Assets/Prefabs/Miami Background.prefab using Guid(6ebc668e178e9bd49b505b85fa96a510) Importer(815301076,1909f56bfc062723c751e8b465ee728b)  -> (artifact id: '5ecc109e2e17d10a60aef9b5f977a8e1') in 0.490307 seconds 
========================================================================
Received Import Request.
  Time since last request: 9.608137 seconds.
  path: Assets/Prefabs/Miami Background.prefab
  artifactKey: Guid(6ebc668e178e9bd49b505b85fa96a510) Importer(815301076,1909f56bfc062723c751e8b465ee728b)
Start importing Assets/Prefabs/Miami Background.prefab using Guid(6ebc668e178e9bd49b505b85fa96a510) Importer(815301076,1909f56bfc062723c751e8b465ee728b)  -> (artifact id: '96dc5e8cbd09f4beb57765cf0e601c00') in 0.700364 seconds 
========================================================================
Received Prepare
Registering precompiled user dll's ...
Registered in 0.026918 seconds.
Begin MonoManager ReloadAssembly
Symbol file data-000002B0FA96D020 doesn't match image C:\Users\kimar\Desktop\B-DayClassWork\B-DayClassWork\B-DayClassWork\Library\ScriptAssemblies\Assembly-CSharp.dll
Symbol file LoadedFromMemory is not a mono symbol file
Native extension for WindowsStandalone target not found
Native extension for WebGL target not found
Refreshing native plugins compatible for Editor in 1.20 ms, found 2 plugins.
Preloading 0 native plugins for Editor in 0.00 ms.
Mono: successfully reloaded assembly
- Completed reload, in  4.748 seconds
Domain Reload Profiling:
	ReloadAssembly (4750ms)
		BeginReloadAssembly (752ms)
			ExecutionOrderSort (0ms)
			DisableScriptedObjects (23ms)
			BackupInstance (0ms)
			ReleaseScriptingObjects (0ms)
			CreateAndSetChildDomain (107ms)
		EndReloadAssembly (3640ms)
			LoadAssemblies (758ms)
			RebuildTransferFunctionScriptingTraits (0ms)
			SetupTypeCache (1942ms)
			ReleaseScriptCaches (2ms)
			RebuildScriptCaches (149ms)
			SetupLoadedEditorAssemblies (755ms)
				LogAssemblyErrors (0ms)
				InitializePlatformSupportModulesInManaged (23ms)
				SetLoadedEditorAssemblies (3ms)
				RefreshPlugins (1ms)
				BeforeProcessingInitializeOnLoad (276ms)
				ProcessInitializeOnLoadAttributes (413ms)
				ProcessInitializeOnLoadMethodAttributes (15ms)
				AfterProcessingInitializeOnLoad (23ms)
				EditorAssembliesLoaded (0ms)
			ExecutionOrderSort2 (0ms)
			AwakeInstancesAfterBackupRestoration (13ms)
Platform modules already initialized, skipping
Refreshing native plugins compatible for Editor in 0.64 ms, found 2 plugins.
Preloading 0 native plugins for Editor in 0.00 ms.
Unloading 1609 Unused Serialized files (Serialized files now loaded: 0)
System memory in use before: 77.4 MB.
System memory in use after: 77.5 MB.

Unloading 15 unused Assets to reduce memory usage. Loaded Objects now: 2115.
Total: 3.859500 ms (FindLiveObjects: 0.212300 ms CreateObjectMapping: 0.126000 ms MarkObjects: 3.491000 ms  DeleteObjects: 0.028800 ms)

AssetImportParameters requested are different than current active one (requested -> active):
  custom:framework-win-MediaFoundation: 216162199b28c13a410421893ffa2e32 -> 
  custom:video-decoder-ogg-theora: a1e56fd34408186e4bbccfd4996cb3dc -> 
  custom:container-muxer-webm: aa71ff27fc2769a1b78a27578f13a17b -> 
  custom:container-demuxer-webm: 4f35f7cbe854078d1ac9338744f61a02 -> 
  custom:container-demuxer-ogg: 62fdf1f143b41e24485cea50d1cbac27 -> 
  custom:video-encoder-webm-vp8: eb34c28f22e8b96e1ab97ce403110664 -> 
  custom:video-codec-MediaFoundation-h265: 746d11721c4dcdbdad8f713fa42b33f4 -> 
  custom:video-decoder-webm-vp8: 9c59270c3fd7afecdb556c50c9e8de78 -> 
  custom:audio-decoder-ogg-vorbis: bf7c407c2cedff20999df2af8eb42d56 -> 
  custom:audio-encoder-webm-vorbis: bf7c407c2cedff20999df2af8eb42d56 -> 
========================================================================
Received Import Request.
  Time since last request: 124.362730 seconds.
  path: Assets/Prefabs/Miami Background.prefab
  artifactKey: Guid(6ebc668e178e9bd49b505b85fa96a510) Importer(815301076,1909f56bfc062723c751e8b465ee728b)
Start importing Assets/Prefabs/Miami Background.prefab using Guid(6ebc668e178e9bd49b505b85fa96a510) Importer(815301076,1909f56bfc062723c751e8b465ee728b)  -> (artifact id: 'b13037408821cc6a7e476896b4391553') in 0.591532 seconds 
========================================================================
Received Import Request.
  Time since last request: 1.540453 seconds.
  path: Assets/Prefabs/Miami Background.prefab
  artifactKey: Guid(6ebc668e178e9bd49b505b85fa96a510) Importer(815301076,1909f56bfc062723c751e8b465ee728b)
Start importing Assets/Prefabs/Miami Background.prefab using Guid(6ebc668e178e9bd49b505b85fa96a510) Importer(815301076,1909f56bfc062723c751e8b465ee728b)  -> (artifact id: '566dbffed0451518678dcf623c00a926') in 0.509184 seconds 
========================================================================
Received Import Request.
  Time since last request: 30.496796 seconds.
  path: Assets/Prefabs/Miami Background.prefab
  artifactKey: Guid(6ebc668e178e9bd49b505b85fa96a510) Importer(815301076,1909f56bfc062723c751e8b465ee728b)
Start importing Assets/Prefabs/Miami Background.prefab using Guid(6ebc668e178e9bd49b505b85fa96a510) Importer(815301076,1909f56bfc062723c751e8b465ee728b)  -> (artifact id: '41d2090c125aec410c608d1aa523b4c6') in 0.707687 seconds 
========================================================================
Received Prepare
Registering precompiled user dll's ...
Registered in 0.022364 seconds.
Begin MonoManager ReloadAssembly
Symbol file data-000002B0FA96D020 doesn't match image C:\Users\kimar\Desktop\B-DayClassWork\B-DayClassWork\B-DayClassWork\Library\ScriptAssemblies\Assembly-CSharp.dll
Symbol file LoadedFromMemory is not a mono symbol file
Native extension for WindowsStandalone target not found
Native extension for WebGL target not found
Refreshing native plugins compatible for Editor in 0.65 ms, found 2 plugins.
Preloading 0 native plugins for Editor in 0.00 ms.
Mono: successfully reloaded assembly
- Completed reload, in  3.905 seconds
Domain Reload Profiling:
	ReloadAssembly (3906ms)
		BeginReloadAssembly (610ms)
			ExecutionOrderSort (0ms)
			DisableScriptedObjects (9ms)
			BackupInstance (0ms)
			ReleaseScriptingObjects (0ms)
			CreateAndSetChildDomain (72ms)
		EndReloadAssembly (2761ms)
			LoadAssemblies (817ms)
			RebuildTransferFunctionScriptingTraits (0ms)
			SetupTypeCache (1000ms)
			ReleaseScriptCaches (2ms)
			RebuildScriptCaches (93ms)
			SetupLoadedEditorAssemblies (833ms)
				LogAssemblyErrors (0ms)
				InitializePlatformSupportModulesInManaged (20ms)
				SetLoadedEditorAssemblies (1ms)
				RefreshPlugins (1ms)
				BeforeProcessingInitializeOnLoad (163ms)
				ProcessInitializeOnLoadAttributes (611ms)
				ProcessInitializeOnLoadMethodAttributes (19ms)
				AfterProcessingInitializeOnLoad (17ms)
				EditorAssembliesLoaded (0ms)
			ExecutionOrderSort2 (0ms)
			AwakeInstancesAfterBackupRestoration (16ms)
Platform modules already initialized, skipping
Refreshing native plugins compatible for Editor in 1.55 ms, found 2 plugins.
Preloading 0 native plugins for Editor in 0.00 ms.
Unloading 1609 Unused Serialized files (Serialized files now loaded: 0)
System memory in use before: 77.4 MB.
System memory in use after: 77.5 MB.

Unloading 15 unused Assets to reduce memory usage. Loaded Objects now: 2117.
Total: 4.649000 ms (FindLiveObjects: 0.281700 ms CreateObjectMapping: 0.143100 ms MarkObjects: 4.184900 ms  DeleteObjects: 0.037000 ms)

AssetImportParameters requested are different than current active one (requested -> active):
  custom:framework-win-MediaFoundation: 216162199b28c13a410421893ffa2e32 -> 
  custom:video-decoder-ogg-theora: a1e56fd34408186e4bbccfd4996cb3dc -> 
  custom:container-muxer-webm: aa71ff27fc2769a1b78a27578f13a17b -> 
  custom:container-demuxer-webm: 4f35f7cbe854078d1ac9338744f61a02 -> 
  custom:container-demuxer-ogg: 62fdf1f143b41e24485cea50d1cbac27 -> 
  custom:video-encoder-webm-vp8: eb34c28f22e8b96e1ab97ce403110664 -> 
  custom:video-codec-MediaFoundation-h265: 746d11721c4dcdbdad8f713fa42b33f4 -> 
  custom:video-decoder-webm-vp8: 9c59270c3fd7afecdb556c50c9e8de78 -> 
  custom:audio-decoder-ogg-vorbis: bf7c407c2cedff20999df2af8eb42d56 -> 
  custom:audio-encoder-webm-vorbis: bf7c407c2cedff20999df2af8eb42d56 -> 
========================================================================
Received Import Request.
  Time since last request: 155.934737 seconds.
  path: Assets/Prefabs/Miami Background.prefab
  artifactKey: Guid(6ebc668e178e9bd49b505b85fa96a510) Importer(815301076,1909f56bfc062723c751e8b465ee728b)
Start importing Assets/Prefabs/Miami Background.prefab using Guid(6ebc668e178e9bd49b505b85fa96a510) Importer(815301076,1909f56bfc062723c751e8b465ee728b)  -> (artifact id: 'fe3b3c70339367f2de589fbf1b5476c3') in 0.720139 seconds 
========================================================================
Received Prepare
Registering precompiled user dll's ...
Registered in 0.046670 seconds.
Begin MonoManager ReloadAssembly
Symbol file data-000002B0FA6AF010 doesn't match image C:\Users\kimar\Desktop\B-DayClassWork\B-DayClassWork\B-DayClassWork\Library\ScriptAssemblies\Assembly-CSharp.dll
Symbol file LoadedFromMemory is not a mono symbol file
Native extension for WindowsStandalone target not found
Native extension for WebGL target not found
Refreshing native plugins compatible for Editor in 0.62 ms, found 2 plugins.
Preloading 0 native plugins for Editor in 0.00 ms.
Mono: successfully reloaded assembly
- Completed reload, in  3.026 seconds
Domain Reload Profiling:
	ReloadAssembly (3026ms)
		BeginReloadAssembly (397ms)
			ExecutionOrderSort (0ms)
			DisableScriptedObjects (29ms)
			BackupInstance (0ms)
			ReleaseScriptingObjects (0ms)
			CreateAndSetChildDomain (114ms)
		EndReloadAssembly (2416ms)
			LoadAssemblies (367ms)
			RebuildTransferFunctionScriptingTraits (0ms)
			SetupTypeCache (1217ms)
			ReleaseScriptCaches (1ms)
			RebuildScriptCaches (73ms)
			SetupLoadedEditorAssemblies (619ms)
				LogAssemblyErrors (0ms)
				InitializePlatformSupportModulesInManaged (15ms)
				SetLoadedEditorAssemblies (1ms)
				RefreshPlugins (1ms)
				BeforeProcessingInitializeOnLoad (163ms)
				ProcessInitializeOnLoadAttributes (413ms)
				ProcessInitializeOnLoadMethodAttributes (13ms)
				AfterProcessingInitializeOnLoad (13ms)
				EditorAssembliesLoaded (0ms)
			ExecutionOrderSort2 (0ms)
			AwakeInstancesAfterBackupRestoration (10ms)
Platform modules already initialized, skipping
Refreshing native plugins compatible for Editor in 0.56 ms, found 2 plugins.
Preloading 0 native plugins for Editor in 0.00 ms.
Unloading 1609 Unused Serialized files (Serialized files now loaded: 0)
System memory in use before: 77.4 MB.
System memory in use after: 77.5 MB.

Unloading 15 unused Assets to reduce memory usage. Loaded Objects now: 2119.
Total: 5.362000 ms (FindLiveObjects: 0.253800 ms CreateObjectMapping: 0.106500 ms MarkObjects: 4.966500 ms  DeleteObjects: 0.034100 ms)

AssetImportParameters requested are different than current active one (requested -> active):
  custom:framework-win-MediaFoundation: 216162199b28c13a410421893ffa2e32 -> 
  custom:video-decoder-ogg-theora: a1e56fd34408186e4bbccfd4996cb3dc -> 
  custom:container-muxer-webm: aa71ff27fc2769a1b78a27578f13a17b -> 
  custom:container-demuxer-webm: 4f35f7cbe854078d1ac9338744f61a02 -> 
  custom:container-demuxer-ogg: 62fdf1f143b41e24485cea50d1cbac27 -> 
  custom:video-encoder-webm-vp8: eb34c28f22e8b96e1ab97ce403110664 -> 
  custom:video-codec-MediaFoundation-h265: 746d11721c4dcdbdad8f713fa42b33f4 -> 
  custom:video-decoder-webm-vp8: 9c59270c3fd7afecdb556c50c9e8de78 -> 
  custom:audio-decoder-ogg-vorbis: bf7c407c2cedff20999df2af8eb42d56 -> 
  custom:audio-encoder-webm-vorbis: bf7c407c2cedff20999df2af8eb42d56 -> 
========================================================================
Received Import Request.
  Time since last request: 51.447408 seconds.
  path: Assets/Prefabs/Miami Background.prefab
  artifactKey: Guid(6ebc668e178e9bd49b505b85fa96a510) Importer(815301076,1909f56bfc062723c751e8b465ee728b)
Start importing Assets/Prefabs/Miami Background.prefab using Guid(6ebc668e178e9bd49b505b85fa96a510) Importer(815301076,1909f56bfc062723c751e8b465ee728b)  -> (artifact id: 'f72959bbfa87b42b9dbca885d2323142') in 0.552907 seconds 
========================================================================
Received Import Request.
  Time since last request: 1.147795 seconds.
  path: Assets/Prefabs/Miami Background.prefab
  artifactKey: Guid(6ebc668e178e9bd49b505b85fa96a510) Importer(815301076,1909f56bfc062723c751e8b465ee728b)
Start importing Assets/Prefabs/Miami Background.prefab using Guid(6ebc668e178e9bd49b505b85fa96a510) Importer(815301076,1909f56bfc062723c751e8b465ee728b)  -> (artifact id: 'fbfff0e796d3d4cc2c9ca23569227d6c') in 0.619698 seconds 
========================================================================
Received Prepare
Registering precompiled user dll's ...
Registered in 0.026057 seconds.
Begin MonoManager ReloadAssembly
Symbol file data-000002B0F967D020 doesn't match image C:\Users\kimar\Desktop\B-DayClassWork\B-DayClassWork\B-DayClassWork\Library\ScriptAssemblies\Assembly-CSharp.dll
Symbol file LoadedFromMemory is not a mono symbol file
Native extension for WindowsStandalone target not found
Native extension for WebGL target not found
Refreshing native plugins compatible for Editor in 0.59 ms, found 2 plugins.
Preloading 0 native plugins for Editor in 0.00 ms.
Mono: successfully reloaded assembly
- Completed reload, in  3.383 seconds
Domain Reload Profiling:
	ReloadAssembly (3385ms)
		BeginReloadAssembly (477ms)
			ExecutionOrderSort (0ms)
			DisableScriptedObjects (26ms)
			BackupInstance (0ms)
			ReleaseScriptingObjects (0ms)
			CreateAndSetChildDomain (129ms)
		EndReloadAssembly (2605ms)
			LoadAssemblies (486ms)
			RebuildTransferFunctionScriptingTraits (0ms)
			SetupTypeCache (1112ms)
			ReleaseScriptCaches (1ms)
			RebuildScriptCaches (95ms)
			SetupLoadedEditorAssemblies (819ms)
				LogAssemblyErrors (0ms)
				InitializePlatformSupportModulesInManaged (13ms)
				SetLoadedEditorAssemblies (1ms)
				RefreshPlugins (1ms)
				BeforeProcessingInitializeOnLoad (180ms)
				ProcessInitializeOnLoadAttributes (587ms)
				ProcessInitializeOnLoadMethodAttributes (16ms)
				AfterProcessingInitializeOnLoad (20ms)
				EditorAssembliesLoaded (1ms)
			ExecutionOrderSort2 (0ms)
			AwakeInstancesAfterBackupRestoration (21ms)
Platform modules already initialized, skipping
Refreshing native plugins compatible for Editor in 0.87 ms, found 2 plugins.
Preloading 0 native plugins for Editor in 0.00 ms.
Unloading 1609 Unused Serialized files (Serialized files now loaded: 0)
System memory in use before: 77.4 MB.
System memory in use after: 77.5 MB.

Unloading 15 unused Assets to reduce memory usage. Loaded Objects now: 2121.
Total: 7.751200 ms (FindLiveObjects: 0.248700 ms CreateObjectMapping: 0.126100 ms MarkObjects: 7.328100 ms  DeleteObjects: 0.045300 ms)

AssetImportParameters requested are different than current active one (requested -> active):
  custom:framework-win-MediaFoundation: 216162199b28c13a410421893ffa2e32 -> 
  custom:video-decoder-ogg-theora: a1e56fd34408186e4bbccfd4996cb3dc -> 
  custom:container-muxer-webm: aa71ff27fc2769a1b78a27578f13a17b -> 
  custom:container-demuxer-webm: 4f35f7cbe854078d1ac9338744f61a02 -> 
  custom:container-demuxer-ogg: 62fdf1f143b41e24485cea50d1cbac27 -> 
  custom:video-encoder-webm-vp8: eb34c28f22e8b96e1ab97ce403110664 -> 
  custom:video-codec-MediaFoundation-h265: 746d11721c4dcdbdad8f713fa42b33f4 -> 
  custom:video-decoder-webm-vp8: 9c59270c3fd7afecdb556c50c9e8de78 -> 
  custom:audio-decoder-ogg-vorbis: bf7c407c2cedff20999df2af8eb42d56 -> 
  custom:audio-encoder-webm-vorbis: bf7c407c2cedff20999df2af8eb42d56 -> 
========================================================================
Received Import Request.
  Time since last request: 148.755575 seconds.
  path: Assets/Prefabs/Miami Background.prefab
  artifactKey: Guid(6ebc668e178e9bd49b505b85fa96a510) Importer(815301076,1909f56bfc062723c751e8b465ee728b)
Start importing Assets/Prefabs/Miami Background.prefab using Guid(6ebc668e178e9bd49b505b85fa96a510) Importer(815301076,1909f56bfc062723c751e8b465ee728b)  -> (artifact id: '52857d06fd58028afca8a7a3b88902b9') in 0.670357 seconds 
========================================================================
Received Import Request.
  Time since last request: 25.357108 seconds.
  path: Assets/Prefabs/Miami Background.prefab
  artifactKey: Guid(6ebc668e178e9bd49b505b85fa96a510) Importer(815301076,1909f56bfc062723c751e8b465ee728b)
Start importing Assets/Prefabs/Miami Background.prefab using Guid(6ebc668e178e9bd49b505b85fa96a510) Importer(815301076,1909f56bfc062723c751e8b465ee728b)  -> (artifact id: '9929e0f007ed1d59d0cbea7ecbdc5469') in 0.639342 seconds 
========================================================================
Received Import Request.
  Time since last request: 13.989172 seconds.
  path: Assets/Prefabs/Miami Background.prefab
  artifactKey: Guid(6ebc668e178e9bd49b505b85fa96a510) Importer(815301076,1909f56bfc062723c751e8b465ee728b)
Start importing Assets/Prefabs/Miami Background.prefab using Guid(6ebc668e178e9bd49b505b85fa96a510) Importer(815301076,1909f56bfc062723c751e8b465ee728b)  -> (artifact id: 'e5aed1032fc237babc2aa31a95eaca64') in 0.683303 seconds 
========================================================================
Received Prepare
Registering precompiled user dll's ...
Registered in 0.024245 seconds.
Begin MonoManager ReloadAssembly
Symbol file data-000002B0F52EC010 doesn't match image C:\Users\kimar\Desktop\B-DayClassWork\B-DayClassWork\B-DayClassWork\Library\ScriptAssemblies\Assembly-CSharp.dll
Symbol file LoadedFromMemory is not a mono symbol file
Native extension for WindowsStandalone target not found
Native extension for WebGL target not found
Refreshing native plugins compatible for Editor in 0.61 ms, found 2 plugins.
Preloading 0 native plugins for Editor in 0.00 ms.
Mono: successfully reloaded assembly
- Completed reload, in  3.761 seconds
Domain Reload Profiling:
	ReloadAssembly (3763ms)
		BeginReloadAssembly (486ms)
			ExecutionOrderSort (0ms)
			DisableScriptedObjects (11ms)
			BackupInstance (0ms)
			ReleaseScriptingObjects (0ms)
			CreateAndSetChildDomain (102ms)
		EndReloadAssembly (3122ms)
			LoadAssemblies (484ms)
			RebuildTransferFunctionScriptingTraits (0ms)
			SetupTypeCache (1630ms)
			ReleaseScriptCaches (2ms)
			RebuildScriptCaches (165ms)
			SetupLoadedEditorAssemblies (724ms)
				LogAssemblyErrors (0ms)
				InitializePlatformSupportModulesInManaged (22ms)
				SetLoadedEditorAssemblies (1ms)
				RefreshPlugins (1ms)
				BeforeProcessingInitializeOnLoad (160ms)
				ProcessInitializeOnLoadAttributes (500ms)
				ProcessInitializeOnLoadMethodAttributes (19ms)
				AfterProcessingInitializeOnLoad (21ms)
				EditorAssembliesLoaded (0ms)
			ExecutionOrderSort2 (0ms)
			AwakeInstancesAfterBackupRestoration (18ms)
Platform modules already initialized, skipping
Refreshing native plugins compatible for Editor in 0.61 ms, found 2 plugins.
Preloading 0 native plugins for Editor in 0.00 ms.
Unloading 1609 Unused Serialized files (Serialized files now loaded: 0)
System memory in use before: 77.4 MB.
System memory in use after: 77.5 MB.

Unloading 15 unused Assets to reduce memory usage. Loaded Objects now: 2123.
Total: 5.667000 ms (FindLiveObjects: 0.223600 ms CreateObjectMapping: 0.179100 ms MarkObjects: 5.195800 ms  DeleteObjects: 0.066100 ms)

AssetImportParameters requested are different than current active one (requested -> active):
  custom:framework-win-MediaFoundation: 216162199b28c13a410421893ffa2e32 -> 
  custom:video-decoder-ogg-theora: a1e56fd34408186e4bbccfd4996cb3dc -> 
  custom:container-muxer-webm: aa71ff27fc2769a1b78a27578f13a17b -> 
  custom:container-demuxer-webm: 4f35f7cbe854078d1ac9338744f61a02 -> 
  custom:container-demuxer-ogg: 62fdf1f143b41e24485cea50d1cbac27 -> 
  custom:video-encoder-webm-vp8: eb34c28f22e8b96e1ab97ce403110664 -> 
  custom:video-codec-MediaFoundation-h265: 746d11721c4dcdbdad8f713fa42b33f4 -> 
  custom:video-decoder-webm-vp8: 9c59270c3fd7afecdb556c50c9e8de78 -> 
  custom:audio-decoder-ogg-vorbis: bf7c407c2cedff20999df2af8eb42d56 -> 
  custom:audio-encoder-webm-vorbis: bf7c407c2cedff20999df2af8eb42d56 -> 
========================================================================
Received Import Request.
  Time since last request: 102.081076 seconds.
  path: Assets/Prefabs/Miami Background.prefab
  artifactKey: Guid(6ebc668e178e9bd49b505b85fa96a510) Importer(815301076,1909f56bfc062723c751e8b465ee728b)
Start importing Assets/Prefabs/Miami Background.prefab using Guid(6ebc668e178e9bd49b505b85fa96a510) Importer(815301076,1909f56bfc062723c751e8b465ee728b)  -> (artifact id: 'f24c94686f398f83f86cec92f21d1c23') in 0.770556 seconds 
========================================================================
Received Import Request.
  Time since last request: 28.394863 seconds.
  path: Assets/Prefabs/Miami Background.prefab
  artifactKey: Guid(6ebc668e178e9bd49b505b85fa96a510) Importer(815301076,1909f56bfc062723c751e8b465ee728b)
Start importing Assets/Prefabs/Miami Background.prefab using Guid(6ebc668e178e9bd49b505b85fa96a510) Importer(815301076,1909f56bfc062723c751e8b465ee728b)  -> (artifact id: 'b2058207aae2083dbeb280846c57f939') in 0.631131 seconds 
========================================================================
Received Prepare
Registering precompiled user dll's ...
Registered in 0.027904 seconds.
Begin MonoManager ReloadAssembly
Symbol file data-000002B120CC3040 doesn't match image C:\Users\kimar\Desktop\B-DayClassWork\B-DayClassWork\B-DayClassWork\Library\ScriptAssemblies\Assembly-CSharp.dll
Symbol file LoadedFromMemory is not a mono symbol file
Native extension for WindowsStandalone target not found
Native extension for WebGL target not found
Refreshing native plugins compatible for Editor in 0.68 ms, found 2 plugins.
Preloading 0 native plugins for Editor in 0.00 ms.
Mono: successfully reloaded assembly
- Completed reload, in  4.050 seconds
Domain Reload Profiling:
	ReloadAssembly (4054ms)
		BeginReloadAssembly (929ms)
			ExecutionOrderSort (0ms)
			DisableScriptedObjects (98ms)
			BackupInstance (0ms)
			ReleaseScriptingObjects (0ms)
			CreateAndSetChildDomain (313ms)
		EndReloadAssembly (2871ms)
			LoadAssemblies (441ms)
			RebuildTransferFunctionScriptingTraits (0ms)
			SetupTypeCache (1129ms)
			ReleaseScriptCaches (2ms)
			RebuildScriptCaches (86ms)
			SetupLoadedEditorAssemblies (1031ms)
				LogAssemblyErrors (0ms)
				InitializePlatformSupportModulesInManaged (14ms)
				SetLoadedEditorAssemblies (1ms)
				RefreshPlugins (1ms)
				BeforeProcessingInitializeOnLoad (216ms)
				ProcessInitializeOnLoadAttributes (705ms)
				ProcessInitializeOnLoadMethodAttributes (36ms)
				AfterProcessingInitializeOnLoad (56ms)
				EditorAssembliesLoaded (1ms)
			ExecutionOrderSort2 (0ms)
			AwakeInstancesAfterBackupRestoration (29ms)
Platform modules already initialized, skipping
Refreshing native plugins compatible for Editor in 0.88 ms, found 2 plugins.
Preloading 0 native plugins for Editor in 0.00 ms.
Unloading 1609 Unused Serialized files (Serialized files now loaded: 0)
System memory in use before: 77.4 MB.
System memory in use after: 77.5 MB.

Unloading 15 unused Assets to reduce memory usage. Loaded Objects now: 2125.
Total: 10.588800 ms (FindLiveObjects: 1.358400 ms CreateObjectMapping: 0.760300 ms MarkObjects: 8.409000 ms  DeleteObjects: 0.056100 ms)

AssetImportParameters requested are different than current active one (requested -> active):
  custom:framework-win-MediaFoundation: 216162199b28c13a410421893ffa2e32 -> 
  custom:video-decoder-ogg-theora: a1e56fd34408186e4bbccfd4996cb3dc -> 
  custom:container-muxer-webm: aa71ff27fc2769a1b78a27578f13a17b -> 
  custom:container-demuxer-webm: 4f35f7cbe854078d1ac9338744f61a02 -> 
  custom:container-demuxer-ogg: 62fdf1f143b41e24485cea50d1cbac27 -> 
  custom:video-encoder-webm-vp8: eb34c28f22e8b96e1ab97ce403110664 -> 
  custom:video-codec-MediaFoundation-h265: 746d11721c4dcdbdad8f713fa42b33f4 -> 
  custom:video-decoder-webm-vp8: 9c59270c3fd7afecdb556c50c9e8de78 -> 
  custom:audio-decoder-ogg-vorbis: bf7c407c2cedff20999df2af8eb42d56 -> 
  custom:audio-encoder-webm-vorbis: bf7c407c2cedff20999df2af8eb42d56 -> 
========================================================================
Received Import Request.
  Time since last request: 137.115652 seconds.
  path: Assets/EAC_Modules/X_Prefabs/Bayfront Old Image.prefab
  artifactKey: Guid(892fed31dcf97914b98d74f1fc12437d) Importer(815301076,1909f56bfc062723c751e8b465ee728b)
Start importing Assets/EAC_Modules/X_Prefabs/Bayfront Old Image.prefab using Guid(892fed31dcf97914b98d74f1fc12437d) Importer(815301076,1909f56bfc062723c751e8b465ee728b)  -> (artifact id: 'f29fa21636a3b791b2dff029e90d1ec0') in 0.633727 seconds 
========================================================================
Received Import Request.
  Time since last request: 34.575987 seconds.
  path: Assets/Tours/Miami.asset
  artifactKey: Guid(12a1ec25cf9bcd0479c6d984af78c1d8) Importer(815301076,1909f56bfc062723c751e8b465ee728b)
Start importing Assets/Tours/Miami.asset using Guid(12a1ec25cf9bcd0479c6d984af78c1d8) Importer(815301076,1909f56bfc062723c751e8b465ee728b)  -> (artifact id: 'b0bed65897ebdb0345315729e737241b') in 9.591712 seconds 
========================================================================
Received Import Request.
  Time since last request: 69.978449 seconds.
  path: Assets/Img/miami downtown 1.jpeg
  artifactKey: Guid(f12be77996874194cb7ddf7fb266864e) Importer(815301076,1909f56bfc062723c751e8b465ee728b)
Start importing Assets/Img/miami downtown 1.jpeg using Guid(f12be77996874194cb7ddf7fb266864e) Importer(815301076,1909f56bfc062723c751e8b465ee728b)  -> (artifact id: 'f97a51100b6b125615394c1d6007bd7a') in 0.109581 seconds 
========================================================================
Received Import Request.
  Time since last request: 0.000416 seconds.
  path: Assets/Img/miami downtown 3.jpeg
  artifactKey: Guid(7794797b6927f854784f0a55b11b6f3a) Importer(815301076,1909f56bfc062723c751e8b465ee728b)
Start importing Assets/Img/miami downtown 3.jpeg using Guid(7794797b6927f854784f0a55b11b6f3a) Importer(815301076,1909f56bfc062723c751e8b465ee728b)  -> (artifact id: '7fa1b037b90ec4276b8b7e7586548489') in 0.050452 seconds 
========================================================================
Received Import Request.
  Time since last request: 0.000556 seconds.
  path: Assets/Img/miami downtown 2.jpeg
  artifactKey: Guid(5f8869e22a4ccbe4b8f2f106daa92e33) Importer(815301076,1909f56bfc062723c751e8b465ee728b)
Start importing Assets/Img/miami downtown 2.jpeg using Guid(5f8869e22a4ccbe4b8f2f106daa92e33) Importer(815301076,1909f56bfc062723c751e8b465ee728b)  -> (artifact id: '8f1ebad50cba8d88d706de71ae77249a') in 0.143979 seconds 
========================================================================
Received Prepare
Registering precompiled user dll's ...
Registered in 0.016975 seconds.
Begin MonoManager ReloadAssembly
Symbol file data-000002B120CC3040 doesn't match image C:\Users\kimar\Desktop\B-DayClassWork\B-DayClassWork\B-DayClassWork\Library\ScriptAssemblies\Assembly-CSharp.dll
Symbol file LoadedFromMemory is not a mono symbol file
Native extension for WindowsStandalone target not found
Native extension for WebGL target not found
Refreshing native plugins compatible for Editor in 1.07 ms, found 2 plugins.
Preloading 0 native plugins for Editor in 0.00 ms.
Mono: successfully reloaded assembly
- Completed reload, in  3.641 seconds
Domain Reload Profiling:
	ReloadAssembly (3646ms)
		BeginReloadAssembly (597ms)
			ExecutionOrderSort (0ms)
			DisableScriptedObjects (90ms)
			BackupInstance (0ms)
			ReleaseScriptingObjects (0ms)
			CreateAndSetChildDomain (129ms)
		EndReloadAssembly (2819ms)
			LoadAssemblies (322ms)
			RebuildTransferFunctionScriptingTraits (0ms)
			SetupTypeCache (931ms)
			ReleaseScriptCaches (2ms)
			RebuildScriptCaches (131ms)
			SetupLoadedEditorAssemblies (1067ms)
				LogAssemblyErrors (0ms)
				InitializePlatformSupportModulesInManaged (12ms)
				SetLoadedEditorAssemblies (1ms)
				RefreshPlugins (1ms)
				BeforeProcessingInitializeOnLoad (226ms)
				ProcessInitializeOnLoadAttributes (731ms)
				ProcessInitializeOnLoadMethodAttributes (36ms)
				AfterProcessingInitializeOnLoad (59ms)
				EditorAssembliesLoaded (1ms)
			ExecutionOrderSort2 (0ms)
			AwakeInstancesAfterBackupRestoration (34ms)
Platform modules already initialized, skipping
Refreshing native plugins compatible for Editor in 0.54 ms, found 2 plugins.
Preloading 0 native plugins for Editor in 0.00 ms.
Unloading 1609 Unused Serialized files (Serialized files now loaded: 0)
System memory in use before: 77.5 MB.
System memory in use after: 77.6 MB.

Unloading 15 unused Assets to reduce memory usage. Loaded Objects now: 2128.
Total: 4.356800 ms (FindLiveObjects: 0.183100 ms CreateObjectMapping: 0.114500 ms MarkObjects: 4.025800 ms  DeleteObjects: 0.032100 ms)

AssetImportParameters requested are different than current active one (requested -> active):
  custom:framework-win-MediaFoundation: 216162199b28c13a410421893ffa2e32 -> 
  custom:video-decoder-ogg-theora: a1e56fd34408186e4bbccfd4996cb3dc -> 
  custom:container-muxer-webm: aa71ff27fc2769a1b78a27578f13a17b -> 
  custom:container-demuxer-webm: 4f35f7cbe854078d1ac9338744f61a02 -> 
  custom:container-demuxer-ogg: 62fdf1f143b41e24485cea50d1cbac27 -> 
  custom:video-encoder-webm-vp8: eb34c28f22e8b96e1ab97ce403110664 -> 
  custom:video-codec-MediaFoundation-h265: 746d11721c4dcdbdad8f713fa42b33f4 -> 
  custom:video-decoder-webm-vp8: 9c59270c3fd7afecdb556c50c9e8de78 -> 
  custom:audio-decoder-ogg-vorbis: bf7c407c2cedff20999df2af8eb42d56 -> 
  custom:audio-encoder-webm-vorbis: bf7c407c2cedff20999df2af8eb42d56 -> 
========================================================================
Received Import Request.
  Time since last request: 17.802036 seconds.
  path: Assets/Img/Downtown Miami.jpg
  artifactKey: Guid(5bb6f68f3aebcad40903e093e3a65b7c) Importer(815301076,1909f56bfc062723c751e8b465ee728b)
Start importing Assets/Img/Downtown Miami.jpg using Guid(5bb6f68f3aebcad40903e093e3a65b7c) Importer(815301076,1909f56bfc062723c751e8b465ee728b)  -> (artifact id: '842d36504ef4b9b35809c4a0e5d529a3') in 0.084331 seconds 
========================================================================
Received Import Request.
  Time since last request: 9.124999 seconds.
  path: Assets/Prefabs/Bayfront Old Image.prefab
  artifactKey: Guid(892fed31dcf97914b98d74f1fc12437d) Importer(815301076,1909f56bfc062723c751e8b465ee728b)
Start importing Assets/Prefabs/Bayfront Old Image.prefab using Guid(892fed31dcf97914b98d74f1fc12437d) Importer(815301076,1909f56bfc062723c751e8b465ee728b)  -> (artifact id: 'fdcb421d9c62e2a6d3663e1a386d4345') in 0.282550 seconds 
========================================================================
Received Import Request.
  Time since last request: 43.366593 seconds.
  path: Assets/DigitalSalmon/C360/Internal/Resources/Icons/PrefabAdvanced.png
  artifactKey: Guid(3982ccfe41188944bbef06185c7b84df) Importer(815301076,1909f56bfc062723c751e8b465ee728b)
Start importing Assets/DigitalSalmon/C360/Internal/Resources/Icons/PrefabAdvanced.png using Guid(3982ccfe41188944bbef06185c7b84df) Importer(815301076,1909f56bfc062723c751e8b465ee728b)  -> (artifact id: '9ec541675249299718d23897f08a3f3b') in 0.064985 seconds 
========================================================================
Received Import Request.
  Time since last request: 0.000581 seconds.
  path: Packages/com.unity.timeline/Editor/StyleSheets/Images/LightSkin/TimelineEndPlayback.png
  artifactKey: Guid(6952cd3b0f88917449a8fa4d19fc5009) Importer(815301076,1909f56bfc062723c751e8b465ee728b)
Start importing Packages/com.unity.timeline/Editor/StyleSheets/Images/LightSkin/TimelineEndPlayback.png using Guid(6952cd3b0f88917449a8fa4d19fc5009) Importer(815301076,1909f56bfc062723c751e8b465ee728b)  -> (artifact id: '33a6f53d3be71f8e7bb83e566ae68282') in 0.091097 seconds 
========================================================================
Received Import Request.
  Time since last request: 0.001094 seconds.
  path: Packages/com.unity.timeline/Editor/StyleSheets/Images/DarkSkin/TimelineStartPlayback.png
  artifactKey: Guid(5060c9f9eb2f7ee4695b638a21d8fe01) Importer(815301076,1909f56bfc062723c751e8b465ee728b)
Start importing Packages/com.unity.timeline/Editor/StyleSheets/Images/DarkSkin/TimelineStartPlayback.png using Guid(5060c9f9eb2f7ee4695b638a21d8fe01) Importer(815301076,1909f56bfc062723c751e8b465ee728b)  -> (artifact id: 'f18b5b4263f0e77bcbfe3df1975f7ac8') in 0.129218 seconds 
========================================================================
Received Import Request.
  Time since last request: 0.000774 seconds.
  path: Packages/com.unity.timeline/Editor/StyleSheets/Images/Shared/TimelineGroupBackground.png
  artifactKey: Guid(6ca5daa3415451940921fa7e2c3db9e8) Importer(815301076,1909f56bfc062723c751e8b465ee728b)
Start importing Packages/com.unity.timeline/Editor/StyleSheets/Images/Shared/TimelineGroupBackground.png using Guid(6ca5daa3415451940921fa7e2c3db9e8) Importer(815301076,1909f56bfc062723c751e8b465ee728b)  -> (artifact id: '6d9df76201d1bd15eaeef2a719b26583') in 0.083378 seconds 
========================================================================
Received Import Request.
  Time since last request: 0.000972 seconds.
  path: Packages/com.unity.timeline/Editor/StyleSheets/Images/LightSkin/TimelineDisabledBackground.png
  artifactKey: Guid(0304baf8d224f3e47b22d872c8dcd412) Importer(815301076,1909f56bfc062723c751e8b465ee728b)
Start importing Packages/com.unity.timeline/Editor/StyleSheets/Images/LightSkin/TimelineDisabledBackground.png using Guid(0304baf8d224f3e47b22d872c8dcd412) Importer(815301076,1909f56bfc062723c751e8b465ee728b)  -> (artifact id: '6a3f0b8ba549c102af565cec9b12c77e') in 0.056869 seconds 
========================================================================
Received Import Request.
  Time since last request: 0.000572 seconds.
  path: Packages/com.unity.timeline/Editor/StyleSheets/Images/DarkSkin/TimelineDisabledBackground.png
  artifactKey: Guid(412f73153f3a3c549b67b2a847741145) Importer(815301076,1909f56bfc062723c751e8b465ee728b)
Start importing Packages/com.unity.timeline/Editor/StyleSheets/Images/DarkSkin/TimelineDisabledBackground.png using Guid(412f73153f3a3c549b67b2a847741145) Importer(815301076,1909f56bfc062723c751e8b465ee728b)  -> (artifact id: '9087aea6f7dcc3d6df23dd96bdc93315') in 0.127458 seconds 
========================================================================
Received Import Request.
  Time since last request: 0.000863 seconds.
  path: Packages/com.unity.timeline/Editor/StyleSheets/Images/DarkSkin/TimelineEndPlayback.png
  artifactKey: Guid(c285802d9d414814fad592b90b223f15) Importer(815301076,1909f56bfc062723c751e8b465ee728b)
Start importing Packages/com.unity.timeline/Editor/StyleSheets/Images/DarkSkin/TimelineEndPlayback.png using Guid(c285802d9d414814fad592b90b223f15) Importer(815301076,1909f56bfc062723c751e8b465ee728b)  -> (artifact id: '6c265076bda50125141a531c1a483b18') in 0.173542 seconds 
========================================================================
Received Import Request.
  Time since last request: 0.000637 seconds.
  path: Packages/com.unity.timeline/Editor/StyleSheets/Images/LightSkin/TimelineStartPlayback.png
  artifactKey: Guid(824c4beb0ca6c934bbc7a26919302236) Importer(815301076,1909f56bfc062723c751e8b465ee728b)
Start importing Packages/com.unity.timeline/Editor/StyleSheets/Images/LightSkin/TimelineStartPlayback.png using Guid(824c4beb0ca6c934bbc7a26919302236) Importer(815301076,1909f56bfc062723c751e8b465ee728b)  -> (artifact id: 'b6ed5279ce5cf81207e87b5a7c8a591f') in 0.075760 seconds 
========================================================================
Received Import Request.
  Time since last request: 7.746065 seconds.
  path: Assets/Prefabs/Bayfront Old Image.prefab
  artifactKey: Guid(892fed31dcf97914b98d74f1fc12437d) Importer(815301076,1909f56bfc062723c751e8b465ee728b)
Start importing Assets/Prefabs/Bayfront Old Image.prefab using Guid(892fed31dcf97914b98d74f1fc12437d) Importer(815301076,1909f56bfc062723c751e8b465ee728b)  -> (artifact id: 'bfee314b053f28b799cf06b86decb61b') in 0.426924 seconds 
========================================================================
Received Prepare
Registering precompiled user dll's ...
Registered in 0.020940 seconds.
Begin MonoManager ReloadAssembly
Symbol file data-000002B120CC3040 doesn't match image C:\Users\kimar\Desktop\B-DayClassWork\B-DayClassWork\B-DayClassWork\Library\ScriptAssemblies\Assembly-CSharp.dll
Symbol file LoadedFromMemory is not a mono symbol file
Native extension for WindowsStandalone target not found
Native extension for WebGL target not found
Refreshing native plugins compatible for Editor in 0.79 ms, found 2 plugins.
Preloading 0 native plugins for Editor in 0.00 ms.
Mono: successfully reloaded assembly
- Completed reload, in  2.358 seconds
Domain Reload Profiling:
	ReloadAssembly (2359ms)
		BeginReloadAssembly (516ms)
			ExecutionOrderSort (0ms)
			DisableScriptedObjects (9ms)
			BackupInstance (0ms)
			ReleaseScriptingObjects (0ms)
			CreateAndSetChildDomain (124ms)
		EndReloadAssembly (1690ms)
			LoadAssemblies (432ms)
			RebuildTransferFunctionScriptingTraits (0ms)
			SetupTypeCache (627ms)
			ReleaseScriptCaches (2ms)
			RebuildScriptCaches (121ms)
			SetupLoadedEditorAssemblies (549ms)
				LogAssemblyErrors (0ms)
				InitializePlatformSupportModulesInManaged (11ms)
				SetLoadedEditorAssemblies (1ms)
				RefreshPlugins (1ms)
				BeforeProcessingInitializeOnLoad (128ms)
				ProcessInitializeOnLoadAttributes (379ms)
				ProcessInitializeOnLoadMethodAttributes (14ms)
				AfterProcessingInitializeOnLoad (14ms)
				EditorAssembliesLoaded (0ms)
			ExecutionOrderSort2 (0ms)
			AwakeInstancesAfterBackupRestoration (10ms)
Platform modules already initialized, skipping
Refreshing native plugins compatible for Editor in 0.48 ms, found 2 plugins.
Preloading 0 native plugins for Editor in 0.00 ms.
Unloading 1609 Unused Serialized files (Serialized files now loaded: 0)
System memory in use before: 77.5 MB.
System memory in use after: 77.6 MB.

Unloading 15 unused Assets to reduce memory usage. Loaded Objects now: 2133.
Total: 5.074900 ms (FindLiveObjects: 0.166400 ms CreateObjectMapping: 0.091100 ms MarkObjects: 4.783200 ms  DeleteObjects: 0.032900 ms)

AssetImportParameters requested are different than current active one (requested -> active):
  custom:framework-win-MediaFoundation: 216162199b28c13a410421893ffa2e32 -> 
  custom:video-decoder-ogg-theora: a1e56fd34408186e4bbccfd4996cb3dc -> 
  custom:container-muxer-webm: aa71ff27fc2769a1b78a27578f13a17b -> 
  custom:container-demuxer-webm: 4f35f7cbe854078d1ac9338744f61a02 -> 
  custom:container-demuxer-ogg: 62fdf1f143b41e24485cea50d1cbac27 -> 
  custom:video-encoder-webm-vp8: eb34c28f22e8b96e1ab97ce403110664 -> 
  custom:video-codec-MediaFoundation-h265: 746d11721c4dcdbdad8f713fa42b33f4 -> 
  custom:video-decoder-webm-vp8: 9c59270c3fd7afecdb556c50c9e8de78 -> 
  custom:audio-decoder-ogg-vorbis: bf7c407c2cedff20999df2af8eb42d56 -> 
  custom:audio-encoder-webm-vorbis: bf7c407c2cedff20999df2af8eb42d56 -> 
========================================================================
Received Import Request.
  Time since last request: 46.185575 seconds.
  path: Assets/Prefabs/Bayfront Old Image.prefab
  artifactKey: Guid(892fed31dcf97914b98d74f1fc12437d) Importer(815301076,1909f56bfc062723c751e8b465ee728b)
Start importing Assets/Prefabs/Bayfront Old Image.prefab using Guid(892fed31dcf97914b98d74f1fc12437d) Importer(815301076,1909f56bfc062723c751e8b465ee728b)  -> (artifact id: 'c4b4a14da5943b1e3589983ac1a63b2c') in 0.284601 seconds 
========================================================================
Received Import Request.
  Time since last request: 50.005882 seconds.
  path: Packages/com.unity.collab-proxy/Editor/Collaborate/Assets/Icons/deleted-file-dark@2x.png
  artifactKey: Guid(a7d900a247e707e45a257328c3ee381e) Importer(815301076,1909f56bfc062723c751e8b465ee728b)
Start importing Packages/com.unity.collab-proxy/Editor/Collaborate/Assets/Icons/deleted-file-dark@2x.png using Guid(a7d900a247e707e45a257328c3ee381e) Importer(815301076,1909f56bfc062723c751e8b465ee728b)  -> (artifact id: 'f6522b47846f7c02c9b6188a1efb34af') in 0.179706 seconds 
========================================================================
Received Import Request.
  Time since last request: 0.000978 seconds.
  path: Packages/com.unity.collab-proxy/Editor/Collaborate/Assets/Icons/diff-dark@2x.png
  artifactKey: Guid(1875b6a8fb148514ab1d9494eae2dd9e) Importer(815301076,1909f56bfc062723c751e8b465ee728b)
Start importing Packages/com.unity.collab-proxy/Editor/Collaborate/Assets/Icons/diff-dark@2x.png using Guid(1875b6a8fb148514ab1d9494eae2dd9e) Importer(815301076,1909f56bfc062723c751e8b465ee728b)  -> (artifact id: '6c4370880e1bcff72e0e230787377653') in 0.079604 seconds 
========================================================================
Received Import Request.
  Time since last request: 0.000608 seconds.
  path: Assets/TextMesh Pro/Examples & Extras/Resources/Fonts & Materials/Electronic Highway Sign SDF.asset
  artifactKey: Guid(dc36b3fdc14f47ebb36fd484a67e268a) Importer(815301076,1909f56bfc062723c751e8b465ee728b)
Start importing Assets/TextMesh Pro/Examples & Extras/Resources/Fonts & Materials/Electronic Highway Sign SDF.asset using Guid(dc36b3fdc14f47ebb36fd484a67e268a) Importer(815301076,1909f56bfc062723c751e8b465ee728b)  -> (artifact id: '429a83a5b0dab493fd2413297b30fdf1') in 0.232947 seconds 
========================================================================
Received Import Request.
  Time since last request: 0.000715 seconds.
  path: Packages/com.unity.collab-proxy/Editor/Collaborate/Assets/Icons/edited-file-dark@2x.png
  artifactKey: Guid(cdf2b54d520524c418aed1dc00eec185) Importer(815301076,1909f56bfc062723c751e8b465ee728b)
Start importing Packages/com.unity.collab-proxy/Editor/Collaborate/Assets/Icons/edited-file-dark@2x.png using Guid(cdf2b54d520524c418aed1dc00eec185) Importer(815301076,1909f56bfc062723c751e8b465ee728b)  -> (artifact id: '0ea246dff90cd09e81f52cb79afa72b2') in 0.065275 seconds 
========================================================================
Received Import Request.
  Time since last request: 0.003967 seconds.
  path: Packages/com.unity.collab-proxy/Editor/Collaborate/Assets/Icons/diff-dark.png
  artifactKey: Guid(06bb2a7fb040987409dae109d185de22) Importer(815301076,1909f56bfc062723c751e8b465ee728b)
Start importing Packages/com.unity.collab-proxy/Editor/Collaborate/Assets/Icons/diff-dark.png using Guid(06bb2a7fb040987409dae109d185de22) Importer(815301076,1909f56bfc062723c751e8b465ee728b)  -> (artifact id: 'b6893c60071d0130f478415636db47ea') in 0.098327 seconds 
========================================================================
Received Import Request.
  Time since last request: 0.001154 seconds.
  path: Assets/DigitalSalmon/C360/Runtime/Prefabs/Content/Dot.psd
  artifactKey: Guid(6fda7550b0807b64ab739e9ba92e60be) Importer(815301076,1909f56bfc062723c751e8b465ee728b)
Start importing Assets/DigitalSalmon/C360/Runtime/Prefabs/Content/Dot.psd using Guid(6fda7550b0807b64ab739e9ba92e60be) Importer(815301076,1909f56bfc062723c751e8b465ee728b)  -> (artifact id: '9eb288350fcd23a9fdb6314c93cbca02') in 0.168356 seconds 
========================================================================
Received Import Request.
  Time since last request: 0.000501 seconds.
  path: Packages/com.unity.collab-proxy/Editor/Collaborate/Assets/Icons/deleted-file-light@2x.png
  artifactKey: Guid(f1c735dde115d4f4c9ff5c633f07fbb8) Importer(815301076,1909f56bfc062723c751e8b465ee728b)
Start importing Packages/com.unity.collab-proxy/Editor/Collaborate/Assets/Icons/deleted-file-light@2x.png using Guid(f1c735dde115d4f4c9ff5c633f07fbb8) Importer(815301076,1909f56bfc062723c751e8b465ee728b)  -> (artifact id: 'c3c58f579dc25c5fb70d6e2cbecc1688') in 0.079796 seconds 
========================================================================
Received Import Request.
  Time since last request: 0.000446 seconds.
  path: Assets/DigitalSalmon/Core/Resources/Icons/DropdownClosed.png
  artifactKey: Guid(a6c2e41bbcbc378489db2aa4635d6594) Importer(815301076,1909f56bfc062723c751e8b465ee728b)
Start importing Assets/DigitalSalmon/Core/Resources/Icons/DropdownClosed.png using Guid(a6c2e41bbcbc378489db2aa4635d6594) Importer(815301076,1909f56bfc062723c751e8b465ee728b)  -> (artifact id: 'cbb25d8ffd2b6f924277c09a5af355b7') in 0.126280 seconds 
========================================================================
Received Import Request.
  Time since last request: 0.000540 seconds.
  path: Packages/com.unity.collab-proxy/Editor/Collaborate/Assets/Icons/diff-light@2x.png
  artifactKey: Guid(56f45ee382e8dc847bd536ba8de7300b) Importer(815301076,1909f56bfc062723c751e8b465ee728b)
Start importing Packages/com.unity.collab-proxy/Editor/Collaborate/Assets/Icons/diff-light@2x.png using Guid(56f45ee382e8dc847bd536ba8de7300b) Importer(815301076,1909f56bfc062723c751e8b465ee728b)  -> (artifact id: '4021f82ed18a07115a5d7ceb3d9cef66') in 0.113573 seconds 
========================================================================
Received Import Request.
  Time since last request: 0.000434 seconds.
  path: Assets/TextMesh Pro/Examples & Extras/Sprites/DropCap Numbers.psd
  artifactKey: Guid(fd09957580ac4326916010f1f260975b) Importer(815301076,1909f56bfc062723c751e8b465ee728b)
Start importing Assets/TextMesh Pro/Examples & Extras/Sprites/DropCap Numbers.psd using Guid(fd09957580ac4326916010f1f260975b) Importer(815301076,1909f56bfc062723c751e8b465ee728b)  -> (artifact id: 'e48539a8bae1c116ce9738d2f902acd6') in 0.131160 seconds 
========================================================================
Received Import Request.
  Time since last request: 0.000486 seconds.
  path: Assets/DigitalSalmon/C360/Runtime/Prefabs/Content/DS_Logo_PO2_Positive_White.png
  artifactKey: Guid(7f756853c271e52419e7cef5b3db2887) Importer(815301076,1909f56bfc062723c751e8b465ee728b)
Start importing Assets/DigitalSalmon/C360/Runtime/Prefabs/Content/DS_Logo_PO2_Positive_White.png using Guid(7f756853c271e52419e7cef5b3db2887) Importer(815301076,1909f56bfc062723c751e8b465ee728b)  -> (artifact id: '83d2f8eb64cbae199578580729f51781') in 0.125075 seconds 
========================================================================
Received Import Request.
  Time since last request: 0.000710 seconds.
  path: Packages/com.unity.collab-proxy/Editor/Collaborate/Assets/Icons/edited-file-dark.png
  artifactKey: Guid(bcc2167ce63c6264b9c1295e97bec6bc) Importer(815301076,1909f56bfc062723c751e8b465ee728b)
Start importing Packages/com.unity.collab-proxy/Editor/Collaborate/Assets/Icons/edited-file-dark.png using Guid(bcc2167ce63c6264b9c1295e97bec6bc) Importer(815301076,1909f56bfc062723c751e8b465ee728b)  -> (artifact id: 'c4af41a4d729f58b19ce2843043f1122') in 0.125602 seconds 
========================================================================
Received Import Request.
  Time since last request: 0.002678 seconds.
  path: Assets/TextMesh Pro/Sprites/EmojiOne.png
  artifactKey: Guid(dffef66376be4fa480fb02b19edbe903) Importer(815301076,1909f56bfc062723c751e8b465ee728b)
Start importing Assets/TextMesh Pro/Sprites/EmojiOne.png using Guid(dffef66376be4fa480fb02b19edbe903) Importer(815301076,1909f56bfc062723c751e8b465ee728b)  -> (artifact id: '15770c780ebad2127a7dba05b3837a4c') in 0.135961 seconds 
========================================================================
Received Import Request.
  Time since last request: 0.000493 seconds.
  path: Packages/com.unity.collab-proxy/Editor/Collaborate/Assets/Icons/deleted-file-light.png
  artifactKey: Guid(bb678af880b2dd74cbd76186590c66da) Importer(815301076,1909f56bfc062723c751e8b465ee728b)
Start importing Packages/com.unity.collab-proxy/Editor/Collaborate/Assets/Icons/deleted-file-light.png using Guid(bb678af880b2dd74cbd76186590c66da) Importer(815301076,1909f56bfc062723c751e8b465ee728b)  -> (artifact id: '142ada52854244c3ca1d6999444f8181') in 0.343529 seconds 
========================================================================
Received Import Request.
  Time since last request: 0.001906 seconds.
  path: Packages/com.unity.collab-proxy/Editor/Collaborate/Assets/Icons/edited-file-light@2x.png
  artifactKey: Guid(c5b20b1351db04e44b3baeba4679c8d7) Importer(815301076,1909f56bfc062723c751e8b465ee728b)
Start importing Packages/com.unity.collab-proxy/Editor/Collaborate/Assets/Icons/edited-file-light@2x.png using Guid(c5b20b1351db04e44b3baeba4679c8d7) Importer(815301076,1909f56bfc062723c751e8b465ee728b)  -> (artifact id: '0bab2b1619d20586e0830662b616de06') in 0.141173 seconds 
========================================================================
Received Import Request.
  Time since last request: 0.000611 seconds.
  path: Packages/com.unity.collab-proxy/Editor/Collaborate/Assets/Icons/diff-light.png
  artifactKey: Guid(f4d24f788ff8ef0448d273529dc5d9a0) Importer(815301076,1909f56bfc062723c751e8b465ee728b)
Start importing Packages/com.unity.collab-proxy/Editor/Collaborate/Assets/Icons/diff-light.png using Guid(f4d24f788ff8ef0448d273529dc5d9a0) Importer(815301076,1909f56bfc062723c751e8b465ee728b)  -> (artifact id: '7c7634704faa4491176efa267a119ad2') in 0.136011 seconds 
========================================================================
Received Import Request.
  Time since last request: 0.000781 seconds.
  path: Assets/DigitalSalmon/Core/Resources/Icons/DropdownOpen.png
  artifactKey: Guid(21b3de38a9036ce4eac307b0fc176b8b) Importer(815301076,1909f56bfc062723c751e8b465ee728b)
Start importing Assets/DigitalSalmon/Core/Resources/Icons/DropdownOpen.png using Guid(21b3de38a9036ce4eac307b0fc176b8b) Importer(815301076,1909f56bfc062723c751e8b465ee728b)  -> (artifact id: '8df3fa6d7dd96692f1e838f09ed8a0a2') in 0.157284 seconds 
========================================================================
Received Import Request.
  Time since last request: 0.002402 seconds.
  path: Packages/com.unity.collab-proxy/Editor/Collaborate/Assets/Icons/edited-file-light.png
  artifactKey: Guid(33c1613cec3e57243baaa6b3dba6fec5) Importer(815301076,1909f56bfc062723c751e8b465ee728b)
Start importing Packages/com.unity.collab-proxy/Editor/Collaborate/Assets/Icons/edited-file-light.png using Guid(33c1613cec3e57243baaa6b3dba6fec5) Importer(815301076,1909f56bfc062723c751e8b465ee728b)  -> (artifact id: '07618dce96bfa8f5aefa63e89ea141d6') in 0.095277 seconds 
========================================================================
Received Prepare
Registering precompiled user dll's ...
Registered in 0.021763 seconds.
Begin MonoManager ReloadAssembly
Symbol file data-000002B120CC3040 doesn't match image C:\Users\kimar\Desktop\B-DayClassWork\B-DayClassWork\B-DayClassWork\Library\ScriptAssemblies\Assembly-CSharp.dll
Symbol file LoadedFromMemory is not a mono symbol file
Native extension for WindowsStandalone target not found
Native extension for WebGL target not found
Refreshing native plugins compatible for Editor in 0.77 ms, found 2 plugins.
Preloading 0 native plugins for Editor in 0.00 ms.
Mono: successfully reloaded assembly
- Completed reload, in  4.598 seconds
Domain Reload Profiling:
	ReloadAssembly (4599ms)
		BeginReloadAssembly (558ms)
			ExecutionOrderSort (0ms)
			DisableScriptedObjects (13ms)
			BackupInstance (0ms)
			ReleaseScriptingObjects (0ms)
			CreateAndSetChildDomain (150ms)
		EndReloadAssembly (3686ms)
			LoadAssemblies (689ms)
			RebuildTransferFunctionScriptingTraits (0ms)
			SetupTypeCache (1200ms)
			ReleaseScriptCaches (2ms)
			RebuildScriptCaches (125ms)
			SetupLoadedEditorAssemblies (1197ms)
				LogAssemblyErrors (0ms)
				InitializePlatformSupportModulesInManaged (23ms)
				SetLoadedEditorAssemblies (1ms)
				RefreshPlugins (1ms)
				BeforeProcessingInitializeOnLoad (381ms)
				ProcessInitializeOnLoadAttributes (726ms)
				ProcessInitializeOnLoadMethodAttributes (44ms)
				AfterProcessingInitializeOnLoad (20ms)
				EditorAssembliesLoaded (0ms)
			ExecutionOrderSort2 (0ms)
			AwakeInstancesAfterBackupRestoration (17ms)
Platform modules already initialized, skipping
Refreshing native plugins compatible for Editor in 0.70 ms, found 2 plugins.
Preloading 0 native plugins for Editor in 0.00 ms.
Unloading 1609 Unused Serialized files (Serialized files now loaded: 0)
System memory in use before: 77.8 MB.
System memory in use after: 77.9 MB.

Unloading 15 unused Assets to reduce memory usage. Loaded Objects now: 2179.
Total: 6.091000 ms (FindLiveObjects: 0.251500 ms CreateObjectMapping: 0.141100 ms MarkObjects: 5.652400 ms  DeleteObjects: 0.044100 ms)

AssetImportParameters requested are different than current active one (requested -> active):
  custom:framework-win-MediaFoundation: 216162199b28c13a410421893ffa2e32 -> 
  custom:video-decoder-ogg-theora: a1e56fd34408186e4bbccfd4996cb3dc -> 
  custom:container-muxer-webm: aa71ff27fc2769a1b78a27578f13a17b -> 
  custom:container-demuxer-webm: 4f35f7cbe854078d1ac9338744f61a02 -> 
  custom:container-demuxer-ogg: 62fdf1f143b41e24485cea50d1cbac27 -> 
  custom:video-encoder-webm-vp8: eb34c28f22e8b96e1ab97ce403110664 -> 
  custom:video-codec-MediaFoundation-h265: 746d11721c4dcdbdad8f713fa42b33f4 -> 
  custom:video-decoder-webm-vp8: 9c59270c3fd7afecdb556c50c9e8de78 -> 
  custom:audio-decoder-ogg-vorbis: bf7c407c2cedff20999df2af8eb42d56 -> 
  custom:audio-encoder-webm-vorbis: bf7c407c2cedff20999df2af8eb42d56 -> 
========================================================================
Received Import Request.
  Time since last request: 40.244749 seconds.
  path: Assets/Prefabs/Bayfront Old Image.prefab
  artifactKey: Guid(892fed31dcf97914b98d74f1fc12437d) Importer(815301076,1909f56bfc062723c751e8b465ee728b)
Start importing Assets/Prefabs/Bayfront Old Image.prefab using Guid(892fed31dcf97914b98d74f1fc12437d) Importer(815301076,1909f56bfc062723c751e8b465ee728b)  -> (artifact id: 'd39db1edf8103a883605bd9ee04cc095') in 0.337343 seconds 
========================================================================
Received Import Request.
  Time since last request: 7.684654 seconds.
  path: Assets/Prefabs/Bayfront Old Image.prefab
  artifactKey: Guid(892fed31dcf97914b98d74f1fc12437d) Importer(815301076,1909f56bfc062723c751e8b465ee728b)
Start importing Assets/Prefabs/Bayfront Old Image.prefab using Guid(892fed31dcf97914b98d74f1fc12437d) Importer(815301076,1909f56bfc062723c751e8b465ee728b)  -> (artifact id: '595b26fc3eb25213b37767304bb645e4') in 0.375965 seconds 
========================================================================
Received Prepare
Registering precompiled user dll's ...
Registered in 0.052568 seconds.
Begin MonoManager ReloadAssembly
Symbol file data-000002B12335C030 doesn't match image C:\Users\kimar\Desktop\B-DayClassWork\B-DayClassWork\B-DayClassWork\Library\ScriptAssemblies\Assembly-CSharp.dll
Symbol file LoadedFromMemory is not a mono symbol file
Native extension for WindowsStandalone target not found
Native extension for WebGL target not found
Refreshing native plugins compatible for Editor in 0.54 ms, found 2 plugins.
Preloading 0 native plugins for Editor in 0.00 ms.
Mono: successfully reloaded assembly
- Completed reload, in  3.111 seconds
Domain Reload Profiling:
	ReloadAssembly (3112ms)
		BeginReloadAssembly (312ms)
			ExecutionOrderSort (0ms)
			DisableScriptedObjects (18ms)
			BackupInstance (0ms)
			ReleaseScriptingObjects (0ms)
			CreateAndSetChildDomain (80ms)
		EndReloadAssembly (2663ms)
			LoadAssemblies (261ms)
			RebuildTransferFunctionScriptingTraits (0ms)
			SetupTypeCache (1498ms)
			ReleaseScriptCaches (1ms)
			RebuildScriptCaches (95ms)
			SetupLoadedEditorAssemblies (642ms)
				LogAssemblyErrors (0ms)
				InitializePlatformSupportModulesInManaged (9ms)
				SetLoadedEditorAssemblies (1ms)
				RefreshPlugins (1ms)
				BeforeProcessingInitializeOnLoad (187ms)
				ProcessInitializeOnLoadAttributes (411ms)
				ProcessInitializeOnLoadMethodAttributes (19ms)
				AfterProcessingInitializeOnLoad (14ms)
				EditorAssembliesLoaded (0ms)
			ExecutionOrderSort2 (0ms)
			AwakeInstancesAfterBackupRestoration (13ms)
Platform modules already initialized, skipping
Refreshing native plugins compatible for Editor in 0.58 ms, found 2 plugins.
Preloading 0 native plugins for Editor in 0.00 ms.
Unloading 1609 Unused Serialized files (Serialized files now loaded: 0)
System memory in use before: 77.8 MB.
System memory in use after: 77.9 MB.

Unloading 15 unused Assets to reduce memory usage. Loaded Objects now: 2181.
Total: 4.506000 ms (FindLiveObjects: 0.238900 ms CreateObjectMapping: 0.136600 ms MarkObjects: 4.092000 ms  DeleteObjects: 0.036200 ms)

AssetImportParameters requested are different than current active one (requested -> active):
  custom:framework-win-MediaFoundation: 216162199b28c13a410421893ffa2e32 -> 
  custom:video-decoder-ogg-theora: a1e56fd34408186e4bbccfd4996cb3dc -> 
  custom:container-muxer-webm: aa71ff27fc2769a1b78a27578f13a17b -> 
  custom:container-demuxer-webm: 4f35f7cbe854078d1ac9338744f61a02 -> 
  custom:container-demuxer-ogg: 62fdf1f143b41e24485cea50d1cbac27 -> 
  custom:video-encoder-webm-vp8: eb34c28f22e8b96e1ab97ce403110664 -> 
  custom:video-codec-MediaFoundation-h265: 746d11721c4dcdbdad8f713fa42b33f4 -> 
  custom:video-decoder-webm-vp8: 9c59270c3fd7afecdb556c50c9e8de78 -> 
  custom:audio-decoder-ogg-vorbis: bf7c407c2cedff20999df2af8eb42d56 -> 
  custom:audio-encoder-webm-vorbis: bf7c407c2cedff20999df2af8eb42d56 -> 
========================================================================
Received Import Request.
  Time since last request: 69.032763 seconds.
  path: Assets/Prefabs/Bayfront Old Image.prefab
  artifactKey: Guid(892fed31dcf97914b98d74f1fc12437d) Importer(815301076,1909f56bfc062723c751e8b465ee728b)
Start importing Assets/Prefabs/Bayfront Old Image.prefab using Guid(892fed31dcf97914b98d74f1fc12437d) Importer(815301076,1909f56bfc062723c751e8b465ee728b)  -> (artifact id: '1844438628f02965715a95f21823f170') in 0.489517 seconds 
========================================================================
Received Import Request.
  Time since last request: 14.508911 seconds.
  path: Assets/Prefabs/Bayfront Old Image.prefab
  artifactKey: Guid(892fed31dcf97914b98d74f1fc12437d) Importer(815301076,1909f56bfc062723c751e8b465ee728b)
Start importing Assets/Prefabs/Bayfront Old Image.prefab using Guid(892fed31dcf97914b98d74f1fc12437d) Importer(815301076,1909f56bfc062723c751e8b465ee728b)  -> (artifact id: 'f77acd9a0a38e4e158627c0c3d7910b3') in 0.341177 seconds 
========================================================================
Received Prepare
Registering precompiled user dll's ...
Registered in 0.022928 seconds.
Begin MonoManager ReloadAssembly
Symbol file data-000002B0FDA2F030 doesn't match image C:\Users\kimar\Desktop\B-DayClassWork\B-DayClassWork\B-DayClassWork\Library\ScriptAssemblies\Assembly-CSharp.dll
Symbol file LoadedFromMemory is not a mono symbol file
Native extension for WindowsStandalone target not found
Native extension for WebGL target not found
Refreshing native plugins compatible for Editor in 0.54 ms, found 2 plugins.
Preloading 0 native plugins for Editor in 0.00 ms.
Mono: successfully reloaded assembly
- Completed reload, in  3.155 seconds
Domain Reload Profiling:
	ReloadAssembly (3156ms)
		BeginReloadAssembly (469ms)
			ExecutionOrderSort (0ms)
			DisableScriptedObjects (23ms)
			BackupInstance (0ms)
			ReleaseScriptingObjects (0ms)
			CreateAndSetChildDomain (117ms)
		EndReloadAssembly (2387ms)
			LoadAssemblies (414ms)
			RebuildTransferFunctionScriptingTraits (0ms)
			SetupTypeCache (1106ms)
			ReleaseScriptCaches (1ms)
			RebuildScriptCaches (81ms)
			SetupLoadedEditorAssemblies (677ms)
				LogAssemblyErrors (0ms)
				InitializePlatformSupportModulesInManaged (11ms)
				SetLoadedEditorAssemblies (1ms)
				RefreshPlugins (1ms)
				BeforeProcessingInitializeOnLoad (208ms)
				ProcessInitializeOnLoadAttributes (418ms)
				ProcessInitializeOnLoadMethodAttributes (17ms)
				AfterProcessingInitializeOnLoad (21ms)
				EditorAssembliesLoaded (1ms)
			ExecutionOrderSort2 (0ms)
			AwakeInstancesAfterBackupRestoration (15ms)
Platform modules already initialized, skipping
Refreshing native plugins compatible for Editor in 0.78 ms, found 2 plugins.
Preloading 0 native plugins for Editor in 0.00 ms.
Unloading 1609 Unused Serialized files (Serialized files now loaded: 0)
System memory in use before: 77.8 MB.
System memory in use after: 77.9 MB.

Unloading 15 unused Assets to reduce memory usage. Loaded Objects now: 2183.
Total: 46.110100 ms (FindLiveObjects: 4.865900 ms CreateObjectMapping: 14.519900 ms MarkObjects: 26.579300 ms  DeleteObjects: 0.141800 ms)

AssetImportParameters requested are different than current active one (requested -> active):
  custom:framework-win-MediaFoundation: 216162199b28c13a410421893ffa2e32 -> 
  custom:video-decoder-ogg-theora: a1e56fd34408186e4bbccfd4996cb3dc -> 
  custom:container-muxer-webm: aa71ff27fc2769a1b78a27578f13a17b -> 
  custom:container-demuxer-webm: 4f35f7cbe854078d1ac9338744f61a02 -> 
  custom:container-demuxer-ogg: 62fdf1f143b41e24485cea50d1cbac27 -> 
  custom:video-encoder-webm-vp8: eb34c28f22e8b96e1ab97ce403110664 -> 
  custom:video-codec-MediaFoundation-h265: 746d11721c4dcdbdad8f713fa42b33f4 -> 
  custom:video-decoder-webm-vp8: 9c59270c3fd7afecdb556c50c9e8de78 -> 
  custom:audio-decoder-ogg-vorbis: bf7c407c2cedff20999df2af8eb42d56 -> 
  custom:audio-encoder-webm-vorbis: bf7c407c2cedff20999df2af8eb42d56 -> 
========================================================================
Received Import Request.
  Time since last request: 103.642708 seconds.
  path: Assets/Prefabs/Bayfront Old Image.prefab
  artifactKey: Guid(892fed31dcf97914b98d74f1fc12437d) Importer(815301076,1909f56bfc062723c751e8b465ee728b)
Start importing Assets/Prefabs/Bayfront Old Image.prefab using Guid(892fed31dcf97914b98d74f1fc12437d) Importer(815301076,1909f56bfc062723c751e8b465ee728b)  -> (artifact id: '329b02b4d5e1cdfc3c3315fa1aa2e683') in 0.973720 seconds 
========================================================================
Received Import Request.
  Time since last request: 0.000527 seconds.
  path: Assets/Prefabs/Bayfront Old Image.prefab
  artifactKey: Guid(892fed31dcf97914b98d74f1fc12437d) Importer(815301076,1909f56bfc062723c751e8b465ee728b)
Start importing Assets/Prefabs/Bayfront Old Image.prefab using Guid(892fed31dcf97914b98d74f1fc12437d) Importer(815301076,1909f56bfc062723c751e8b465ee728b)  -> (artifact id: '36d0224a50e2e638f351da965b4a4e12') in 0.427923 seconds 
========================================================================
Received Import Request.
  Time since last request: 1.057835 seconds.
  path: Assets/Prefabs/Bayfront Old Image.prefab
  artifactKey: Guid(892fed31dcf97914b98d74f1fc12437d) Importer(815301076,1909f56bfc062723c751e8b465ee728b)
Start importing Assets/Prefabs/Bayfront Old Image.prefab using Guid(892fed31dcf97914b98d74f1fc12437d) Importer(815301076,1909f56bfc062723c751e8b465ee728b)  -> (artifact id: '7966d6fa5bae8f1f7e7090ce3bdf6e6f') in 0.401157 seconds 
========================================================================
Received Import Request.
  Time since last request: 80.347542 seconds.
  path: Assets/EAC_Modules/X_Prefabs/X_Image_Pop.prefab
  artifactKey: Guid(a112494f1fd7a7347a41590f9e251c98) Importer(815301076,1909f56bfc062723c751e8b465ee728b)
Start importing Assets/EAC_Modules/X_Prefabs/X_Image_Pop.prefab using Guid(a112494f1fd7a7347a41590f9e251c98) Importer(815301076,1909f56bfc062723c751e8b465ee728b)  -> (artifact id: '9e314763c41aaf2a95068d424c80e987') in 0.308995 seconds 
========================================================================
Received Prepare
Registering precompiled user dll's ...
Registered in 0.014805 seconds.
Begin MonoManager ReloadAssembly
Symbol file data-000002B0F99AD450 doesn't match image C:\Users\kimar\Desktop\B-DayClassWork\B-DayClassWork\B-DayClassWork\Library\ScriptAssemblies\Assembly-CSharp.dll
Symbol file LoadedFromMemory is not a mono symbol file
Native extension for WindowsStandalone target not found
Native extension for WebGL target not found
Refreshing native plugins compatible for Editor in 0.48 ms, found 2 plugins.
Preloading 0 native plugins for Editor in 0.00 ms.
Mono: successfully reloaded assembly
- Completed reload, in  1.577 seconds
Domain Reload Profiling:
	ReloadAssembly (1578ms)
		BeginReloadAssembly (197ms)
			ExecutionOrderSort (0ms)
			DisableScriptedObjects (6ms)
			BackupInstance (0ms)
			ReleaseScriptingObjects (0ms)
			CreateAndSetChildDomain (53ms)
		EndReloadAssembly (1262ms)
			LoadAssemblies (173ms)
			RebuildTransferFunctionScriptingTraits (0ms)
			SetupTypeCache (475ms)
			ReleaseScriptCaches (1ms)
			RebuildScriptCaches (62ms)
			SetupLoadedEditorAssemblies (449ms)
				LogAssemblyErrors (0ms)
				InitializePlatformSupportModulesInManaged (8ms)
				SetLoadedEditorAssemblies (1ms)
				RefreshPlugins (1ms)
				BeforeProcessingInitializeOnLoad (139ms)
				ProcessInitializeOnLoadAttributes (279ms)
				ProcessInitializeOnLoadMethodAttributes (11ms)
				AfterProcessingInitializeOnLoad (11ms)
				EditorAssembliesLoaded (0ms)
			ExecutionOrderSort2 (0ms)
			AwakeInstancesAfterBackupRestoration (9ms)
Platform modules already initialized, skipping
Refreshing native plugins compatible for Editor in 0.64 ms, found 2 plugins.
Preloading 0 native plugins for Editor in 0.00 ms.
Unloading 1609 Unused Serialized files (Serialized files now loaded: 0)
System memory in use before: 77.8 MB.
System memory in use after: 77.9 MB.

Unloading 15 unused Assets to reduce memory usage. Loaded Objects now: 2185.
Total: 3.631300 ms (FindLiveObjects: 0.175900 ms CreateObjectMapping: 0.064800 ms MarkObjects: 3.354000 ms  DeleteObjects: 0.035600 ms)

AssetImportParameters requested are different than current active one (requested -> active):
  custom:framework-win-MediaFoundation: 216162199b28c13a410421893ffa2e32 -> 
  custom:video-decoder-ogg-theora: a1e56fd34408186e4bbccfd4996cb3dc -> 
  custom:container-muxer-webm: aa71ff27fc2769a1b78a27578f13a17b -> 
  custom:container-demuxer-webm: 4f35f7cbe854078d1ac9338744f61a02 -> 
  custom:container-demuxer-ogg: 62fdf1f143b41e24485cea50d1cbac27 -> 
  custom:video-encoder-webm-vp8: eb34c28f22e8b96e1ab97ce403110664 -> 
  custom:video-codec-MediaFoundation-h265: 746d11721c4dcdbdad8f713fa42b33f4 -> 
  custom:video-decoder-webm-vp8: 9c59270c3fd7afecdb556c50c9e8de78 -> 
  custom:audio-decoder-ogg-vorbis: bf7c407c2cedff20999df2af8eb42d56 -> 
  custom:audio-encoder-webm-vorbis: bf7c407c2cedff20999df2af8eb42d56 -> 
AssetImportWorkerClient::OnTransportError - code=2 error=End of file
